# JRE version: OpenJDK Runtime Environment (8.0_242-b01) (build 1.8.0_242-release-1644-b01)
# Java VM: OpenJDK 64-Bit Server VM (25.242-b01 mixed mode windows-amd64 compressed oops)
Heap:
 PSYoungGen      total 140800K, used 81633K [0x000000076ab00000, 0x0000000773f00000, 0x00000007c0000000)
  eden space 130048K, 54% used [0x000000076ab00000,0x000000076f03b180,0x0000000772a00000)
  from space 10752K, 99% used [0x0000000773480000,0x0000000773efd300,0x0000000773f00000)
  to   space 10752K, 0% used [0x0000000772a00000,0x0000000772a00000,0x0000000773480000)
 ParOldGen       total 139264K, used 26035K [0x00000006c0000000, 0x00000006c8800000, 0x000000076ab00000)
  object space 139264K, 18% used [0x00000006c0000000,0x00000006c196cea8,0x00000006c8800000)
 Metaspace       used 56647K, capacity 58912K, committed 59160K, reserved 1099776K
  class space    used 7694K, capacity 8153K, committed 8240K, reserved 1048576K
GC Heap History (10 events):
Event: 3.309 GC heap before
{Heap before GC invocations=6 (full 1):
 PSYoungGen      total 140800K, used 130048K [0x000000076ab00000, 0x0000000773f00000, 0x00000007c0000000)
  eden space 130048K, 100% used [0x000000076ab00000,0x0000000772a00000,0x0000000772a00000)
  from space 10752K, 0% used [0x0000000773480000,0x0000000773480000,0x0000000773f00000)
  to   space 10752K, 0% used [0x0000000772a00000,0x0000000772a00000,0x0000000773480000)
 ParOldGen       total 91648K, used 7207K [0x00000006c0000000, 0x00000006c5980000, 0x000000076ab00000)
  object space 91648K, 7% used [0x00000006c0000000,0x00000006c0709ec0,0x00000006c5980000)
 Metaspace       used 32656K, capacity 33674K, committed 33968K, reserved 1079296K
  class space    used 4448K, capacity 4687K, committed 4784K, reserved 1048576K
Event: 3.320 GC heap after
Heap after GC invocations=6 (full 1):
 PSYoungGen      total 140800K, used 10728K [0x000000076ab00000, 0x0000000773f00000, 0x00000007c0000000)
  eden space 130048K, 0% used [0x000000076ab00000,0x000000076ab00000,0x0000000772a00000)
  from space 10752K, 99% used [0x0000000772a00000,0x000000077347a3e8,0x0000000773480000)
  to   space 10752K, 0% used [0x0000000773480000,0x0000000773480000,0x0000000773f00000)
 ParOldGen       total 91648K, used 10743K [0x00000006c0000000, 0x00000006c5980000, 0x000000076ab00000)
  object space 91648K, 11% used [0x00000006c0000000,0x00000006c0a7dfe0,0x00000006c5980000)
 Metaspace       used 32656K, capacity 33674K, committed 33968K, reserved 1079296K
  class space    used 4448K, capacity 4687K, committed 4784K, reserved 1048576K
}
Event: 3.507 GC heap before
{Heap before GC invocations=7 (full 1):
 PSYoungGen      total 140800K, used 48245K [0x000000076ab00000, 0x0000000773f00000, 0x00000007c0000000)
  eden space 130048K, 28% used [0x000000076ab00000,0x000000076cfa32c8,0x0000000772a00000)
  from space 10752K, 99% used [0x0000000772a00000,0x000000077347a3e8,0x0000000773480000)
  to   space 10752K, 0% used [0x0000000773480000,0x0000000773480000,0x0000000773f00000)
 ParOldGen       total 91648K, used 10743K [0x00000006c0000000, 0x00000006c5980000, 0x000000076ab00000)
  object space 91648K, 11% used [0x00000006c0000000,0x00000006c0a7dfe0,0x00000006c5980000)
 Metaspace       used 34252K, capacity 35408K, committed 35496K, reserved 1079296K
  class space    used 4713K, capacity 5001K, committed 5040K, reserved 1048576K
Event: 3.515 GC heap after
Heap after GC invocations=7 (full 1):
 PSYoungGen      total 140800K, used 8981K [0x000000076ab00000, 0x0000000773f00000, 0x00000007c0000000)
  eden space 130048K, 0% used [0x000000076ab00000,0x000000076ab00000,0x0000000772a00000)
  from space 10752K, 83% used [0x0000000773480000,0x0000000773d45670,0x0000000773f00000)
  to   space 10752K, 0% used [0x0000000772a00000,0x0000000772a00000,0x0000000773480000)
 ParOldGen       total 91648K, used 10751K [0x00000006c0000000, 0x00000006c5980000, 0x000000076ab00000)
  object space 91648K, 11% used [0x00000006c0000000,0x00000006c0a7ffe0,0x00000006c5980000)
 Metaspace       used 34252K, capacity 35408K, committed 35496K, reserved 1079296K
  class space    used 4713K, capacity 5001K, committed 5040K, reserved 1048576K
}
Event: 3.515 GC heap before
{Heap before GC invocations=8 (full 2):
 PSYoungGen      total 140800K, used 8981K [0x000000076ab00000, 0x0000000773f00000, 0x00000007c0000000)
  eden space 130048K, 0% used [0x000000076ab00000,0x000000076ab00000,0x0000000772a00000)
  from space 10752K, 83% used [0x0000000773480000,0x0000000773d45670,0x0000000773f00000)
  to   space 10752K, 0% used [0x0000000772a00000,0x0000000772a00000,0x0000000773480000)
 ParOldGen       total 91648K, used 10751K [0x00000006c0000000, 0x00000006c5980000, 0x000000076ab00000)
  object space 91648K, 11% used [0x00000006c0000000,0x00000006c0a7ffe0,0x00000006c5980000)
 Metaspace       used 34252K, capacity 35408K, committed 35496K, reserved 1079296K
  class space    used 4713K, capacity 5001K, committed 5040K, reserved 1048576K
Event: 3.555 GC heap after
Heap after GC invocations=8 (full 2):
 PSYoungGen      total 140800K, used 0K [0x000000076ab00000, 0x0000000773f00000, 0x00000007c0000000)
  eden space 130048K, 0% used [0x000000076ab00000,0x000000076ab00000,0x0000000772a00000)
  from space 10752K, 0% used [0x0000000773480000,0x0000000773480000,0x0000000773f00000)
  to   space 10752K, 0% used [0x0000000772a00000,0x0000000772a00000,0x0000000773480000)
 ParOldGen       total 139264K, used 15391K [0x00000006c0000000, 0x00000006c8800000, 0x000000076ab00000)
  object space 139264K, 11% used [0x00000006c0000000,0x00000006c0f07c20,0x00000006c8800000)
 Metaspace       used 34252K, capacity 35408K, committed 35496K, reserved 1079296K
  class space    used 4713K, capacity 5001K, committed 5040K, reserved 1048576K
}
Event: 4.191 GC heap before
{Heap before GC invocations=9 (full 2):
 PSYoungGen      total 140800K, used 130048K [0x000000076ab00000, 0x0000000773f00000, 0x00000007c0000000)
  eden space 130048K, 100% used [0x000000076ab00000,0x0000000772a00000,0x0000000772a00000)
  from space 10752K, 0% used [0x0000000773480000,0x0000000773480000,0x0000000773f00000)
  to   space 10752K, 0% used [0x0000000772a00000,0x0000000772a00000,0x0000000773480000)
 ParOldGen       total 139264K, used 15391K [0x00000006c0000000, 0x00000006c8800000, 0x000000076ab00000)
  object space 139264K, 11% used [0x00000006c0000000,0x00000006c0f07c20,0x00000006c8800000)
 Metaspace       used 38461K, capacity 40090K, committed 40232K, reserved 1083392K
  class space    used 5297K, capacity 5614K, committed 5680K, reserved 1048576K
Event: 4.196 GC heap after
Heap after GC invocations=9 (full 2):
 PSYoungGen      total 140800K, used 9001K [0x000000076ab00000, 0x0000000773f00000, 0x00000007c0000000)
  eden space 130048K, 0% used [0x000000076ab00000,0x000000076ab00000,0x0000000772a00000)
  from space 10752K, 83% used [0x0000000772a00000,0x00000007732ca6b0,0x0000000773480000)
  to   space 10752K, 0% used [0x0000000773480000,0x0000000773480000,0x0000000773f00000)
 ParOldGen       total 139264K, used 15399K [0x00000006c0000000, 0x00000006c8800000, 0x000000076ab00000)
  object space 139264K, 11% used [0x00000006c0000000,0x00000006c0f09c20,0x00000006c8800000)
 Metaspace       used 38461K, capacity 40090K, committed 40232K, reserved 1083392K
  class space    used 5297K, capacity 5614K, committed 5680K, reserved 1048576K
}
Event: 5.475 GC heap before
{Heap before GC invocations=10 (full 2):
 PSYoungGen      total 140800K, used 139049K [0x000000076ab00000, 0x0000000773f00000, 0x00000007c0000000)
  eden space 130048K, 100% used [0x000000076ab00000,0x0000000772a00000,0x0000000772a00000)
  from space 10752K, 83% used [0x0000000772a00000,0x00000007732ca6b0,0x0000000773480000)
  to   space 10752K, 0% used [0x0000000773480000,0x0000000773480000,0x0000000773f00000)
 ParOldGen       total 139264K, used 15399K [0x00000006c0000000, 0x00000006c8800000, 0x000000076ab00000)
  object space 139264K, 11% used [0x00000006c0000000,0x00000006c0f09c20,0x00000006c8800000)
 Metaspace       used 52270K, capacity 54328K, committed 54568K, reserved 1095680K
  class space    used 6955K, capacity 7384K, committed 7472K, reserved 1048576K
Event: 5.489 GC heap after
Heap after GC invocations=10 (full 2):
 PSYoungGen      total 140800K, used 10740K [0x000000076ab00000, 0x0000000773f00000, 0x00000007c0000000)
  eden space 130048K, 0% used [0x000000076ab00000,0x000000076ab00000,0x0000000772a00000)
  from space 10752K, 99% used [0x0000000773480000,0x0000000773efd300,0x0000000773f00000)
  to   space 10752K, 0% used [0x0000000772a00000,0x0000000772a00000,0x0000000773480000)
 ParOldGen       total 139264K, used 26035K [0x00000006c0000000, 0x00000006c8800000, 0x000000076ab00000)
  object space 139264K, 18% used [0x00000006c0000000,0x00000006c196cea8,0x00000006c8800000)
 Metaspace       used 52270K, capacity 54328K, committed 54568K, reserved 1095680K
  class space    used 6955K, capacity 7384K, committed 7472K, reserved 1048576K
}

