# JRE version: OpenJDK Runtime Environment (8.0_242-b01) (build 1.8.0_242-release-1644-b01)
# Java VM: OpenJDK 64-Bit Server VM (25.242-b01 mixed mode windows-amd64 compressed oops)
Heap:
 PSYoungGen      total 151040K, used 84377K [0x000000076ab00000, 0x0000000775780000, 0x00000007c0000000)
  eden space 139264K, 52% used [0x000000076ab00000,0x000000076f1e74d0,0x0000000773300000)
  from space 11776K, 99% used [0x0000000774080000,0x0000000774bff320,0x0000000774c00000)
  to   space 6656K, 0% used [0x0000000775100000,0x0000000775100000,0x0000000775780000)
 ParOldGen       total 159744K, used 25172K [0x00000006c0000000, 0x00000006c9c00000, 0x000000076ab00000)
  object space 159744K, 15% used [0x00000006c0000000,0x00000006c18953c8,0x00000006c9c00000)
 Metaspace       used 55566K, capacity 57810K, committed 57896K, reserved 1099776K
  class space    used 7505K, capacity 7965K, committed 7984K, reserved 1048576K
GC Heap History (10 events):
Event: 3.945 GC heap before
{Heap before GC invocations=7 (full 1):
 PSYoungGen      total 75776K, used 73195K [0x000000076ab00000, 0x0000000772400000, 0x00000007c0000000)
  eden space 65024K, 100% used [0x000000076ab00000,0x000000076ea80000,0x000000076ea80000)
  from space 10752K, 76% used [0x000000076ea80000,0x000000076f27afe0,0x000000076f500000)
  to   space 11776K, 0% used [0x0000000771880000,0x0000000771880000,0x0000000772400000)
 ParOldGen       total 100352K, used 7300K [0x00000006c0000000, 0x00000006c6200000, 0x000000076ab00000)
  object space 100352K, 7% used [0x00000006c0000000,0x00000006c07212a8,0x00000006c6200000)
 Metaspace       used 32692K, capacity 33702K, committed 33968K, reserved 1079296K
  class space    used 4457K, capacity 4719K, committed 4784K, reserved 1048576K
Event: 3.952 GC heap after
Heap after GC invocations=7 (full 1):
 PSYoungGen      total 111616K, used 9627K [0x000000076ab00000, 0x0000000772480000, 0x00000007c0000000)
  eden space 99840K, 0% used [0x000000076ab00000,0x000000076ab00000,0x0000000770c80000)
  from space 11776K, 81% used [0x0000000771880000,0x00000007721e6d48,0x0000000772400000)
  to   space 12288K, 0% used [0x0000000770c80000,0x0000000770c80000,0x0000000771880000)
 ParOldGen       total 100352K, used 7308K [0x00000006c0000000, 0x00000006c6200000, 0x000000076ab00000)
  object space 100352K, 7% used [0x00000006c0000000,0x00000006c07232a8,0x00000006c6200000)
 Metaspace       used 32692K, capacity 33702K, committed 33968K, reserved 1079296K
  class space    used 4457K, capacity 4719K, committed 4784K, reserved 1048576K
}
Event: 4.184 GC heap before
{Heap before GC invocations=8 (full 1):
 PSYoungGen      total 111616K, used 46185K [0x000000076ab00000, 0x0000000772480000, 0x00000007c0000000)
  eden space 99840K, 36% used [0x000000076ab00000,0x000000076ceb3848,0x0000000770c80000)
  from space 11776K, 81% used [0x0000000771880000,0x00000007721e6d48,0x0000000772400000)
  to   space 12288K, 0% used [0x0000000770c80000,0x0000000770c80000,0x0000000771880000)
 ParOldGen       total 100352K, used 7308K [0x00000006c0000000, 0x00000006c6200000, 0x000000076ab00000)
  object space 100352K, 7% used [0x00000006c0000000,0x00000006c07232a8,0x00000006c6200000)
 Metaspace       used 34278K, capacity 35408K, committed 35496K, reserved 1079296K
  class space    used 4720K, capacity 5001K, committed 5040K, reserved 1048576K
Event: 4.190 GC heap after
Heap after GC invocations=8 (full 1):
 PSYoungGen      total 112128K, used 8997K [0x000000076ab00000, 0x0000000775c80000, 0x00000007c0000000)
  eden space 99840K, 0% used [0x000000076ab00000,0x000000076ab00000,0x0000000770c80000)
  from space 12288K, 73% used [0x0000000770c80000,0x0000000771549680,0x0000000771880000)
  to   space 11776K, 0% used [0x0000000775100000,0x0000000775100000,0x0000000775c80000)
 ParOldGen       total 100352K, used 7316K [0x00000006c0000000, 0x00000006c6200000, 0x000000076ab00000)
  object space 100352K, 7% used [0x00000006c0000000,0x00000006c07252a8,0x00000006c6200000)
 Metaspace       used 34278K, capacity 35408K, committed 35496K, reserved 1079296K
  class space    used 4720K, capacity 5001K, committed 5040K, reserved 1048576K
}
Event: 4.190 GC heap before
{Heap before GC invocations=9 (full 2):
 PSYoungGen      total 112128K, used 8997K [0x000000076ab00000, 0x0000000775c80000, 0x00000007c0000000)
  eden space 99840K, 0% used [0x000000076ab00000,0x000000076ab00000,0x0000000770c80000)
  from space 12288K, 73% used [0x0000000770c80000,0x0000000771549680,0x0000000771880000)
  to   space 11776K, 0% used [0x0000000775100000,0x0000000775100000,0x0000000775c80000)
 ParOldGen       total 100352K, used 7316K [0x00000006c0000000, 0x00000006c6200000, 0x000000076ab00000)
  object space 100352K, 7% used [0x00000006c0000000,0x00000006c07252a8,0x00000006c6200000)
 Metaspace       used 34278K, capacity 35408K, committed 35496K, reserved 1079296K
  class space    used 4720K, capacity 5001K, committed 5040K, reserved 1048576K
Event: 4.233 GC heap after
Heap after GC invocations=9 (full 2):
 PSYoungGen      total 112128K, used 0K [0x000000076ab00000, 0x0000000775c80000, 0x00000007c0000000)
  eden space 99840K, 0% used [0x000000076ab00000,0x000000076ab00000,0x0000000770c80000)
  from space 12288K, 0% used [0x0000000770c80000,0x0000000770c80000,0x0000000771880000)
  to   space 11776K, 0% used [0x0000000775100000,0x0000000775100000,0x0000000775c80000)
 ParOldGen       total 159744K, used 15387K [0x00000006c0000000, 0x00000006c9c00000, 0x000000076ab00000)
  object space 159744K, 9% used [0x00000006c0000000,0x00000006c0f06d28,0x00000006c9c00000)
 Metaspace       used 34278K, capacity 35408K, committed 35496K, reserved 1079296K
  class space    used 4720K, capacity 5001K, committed 5040K, reserved 1048576K
}
Event: 5.523 GC heap before
{Heap before GC invocations=10 (full 2):
 PSYoungGen      total 112128K, used 99840K [0x000000076ab00000, 0x0000000775c80000, 0x00000007c0000000)
  eden space 99840K, 100% used [0x000000076ab00000,0x0000000770c80000,0x0000000770c80000)
  from space 12288K, 0% used [0x0000000770c80000,0x0000000770c80000,0x0000000771880000)
  to   space 11776K, 0% used [0x0000000775100000,0x0000000775100000,0x0000000775c80000)
 ParOldGen       total 159744K, used 15387K [0x00000006c0000000, 0x00000006c9c00000, 0x000000076ab00000)
  object space 159744K, 9% used [0x00000006c0000000,0x00000006c0f06d28,0x00000006c9c00000)
 Metaspace       used 36799K, capacity 38384K, committed 38696K, reserved 1083392K
  class space    used 5060K, capacity 5353K, committed 5424K, reserved 1048576K
Event: 5.528 GC heap after
Heap after GC invocations=10 (full 2):
 PSYoungGen      total 145920K, used 6527K [0x000000076ab00000, 0x0000000775780000, 0x00000007c0000000)
  eden space 139264K, 0% used [0x000000076ab00000,0x000000076ab00000,0x0000000773300000)
  from space 6656K, 98% used [0x0000000775100000,0x000000077575fee8,0x0000000775780000)
  to   space 11776K, 0% used [0x0000000774080000,0x0000000774080000,0x0000000774c00000)
 ParOldGen       total 159744K, used 15395K [0x00000006c0000000, 0x00000006c9c00000, 0x000000076ab00000)
  object space 159744K, 9% used [0x00000006c0000000,0x00000006c0f08d28,0x00000006c9c00000)
 Metaspace       used 36799K, capacity 38384K, committed 38696K, reserved 1083392K
  class space    used 5060K, capacity 5353K, committed 5424K, reserved 1048576K
}
Event: 7.295 GC heap before
{Heap before GC invocations=11 (full 2):
 PSYoungGen      total 145920K, used 145791K [0x000000076ab00000, 0x0000000775780000, 0x00000007c0000000)
  eden space 139264K, 100% used [0x000000076ab00000,0x0000000773300000,0x0000000773300000)
  from space 6656K, 98% used [0x0000000775100000,0x000000077575fee8,0x0000000775780000)
  to   space 11776K, 0% used [0x0000000774080000,0x0000000774080000,0x0000000774c00000)
 ParOldGen       total 159744K, used 15395K [0x00000006c0000000, 0x00000006c9c00000, 0x000000076ab00000)
  object space 159744K, 9% used [0x00000006c0000000,0x00000006c0f08d28,0x00000006c9c00000)
 Metaspace       used 51390K, capacity 53354K, committed 53672K, reserved 1095680K
  class space    used 6855K, capacity 7290K, committed 7344K, reserved 1048576K
Event: 7.307 GC heap after
Heap after GC invocations=11 (full 2):
 PSYoungGen      total 151040K, used 11772K [0x000000076ab00000, 0x0000000775780000, 0x00000007c0000000)
  eden space 139264K, 0% used [0x000000076ab00000,0x000000076ab00000,0x0000000773300000)
  from space 11776K, 99% used [0x0000000774080000,0x0000000774bff320,0x0000000774c00000)
  to   space 6656K, 0% used [0x0000000775100000,0x0000000775100000,0x0000000775780000)
 ParOldGen       total 159744K, used 25172K [0x00000006c0000000, 0x00000006c9c00000, 0x000000076ab00000)
  object space 159744K, 15% used [0x00000006c0000000,0x00000006c18953c8,0x00000006c9c00000)
 Metaspace       used 51390K, capacity 53354K, committed 53672K, reserved 1095680K
  class space    used 6855K, capacity 7290K, committed 7344K, reserved 1048576K
}

